<?xml version="1.0" encoding="UTF-8"?>
<testng-results ignored="0" total="6" passed="6" failed="0" skipped="0">
  <reporter-output>
  </reporter-output>
  <suite started-at="2026-03-10T14:45:46 ICT" name="Surefire suite" finished-at="2026-03-10T14:46:09 ICT" duration-ms="22651">
    <groups>
    </groups>
    <test started-at="2026-03-10T14:45:46 ICT" name="Surefire test" finished-at="2026-03-10T14:46:09 ICT" duration-ms="22651">
      <class name="tests.TextBoxWhiteBoxTest">
        <test-method is-config="true" signature="setUp()[pri:0, instance:tests.TextBoxWhiteBoxTest@6b19b79]" started-at="2026-03-10T14:45:46 ICT" name="setUp" finished-at="2026-03-10T14:45:50 ICT" duration-ms="4269" status="PASS">
          <reporter-output>
          </reporter-output>
        </test-method> <!-- setUp -->
        <test-method signature="testEmptyEmail()[pri:0, instance:tests.TextBoxWhiteBoxTest@6b19b79]" started-at="2026-03-10T14:45:50 ICT" name="testEmptyEmail" description="6. Email empty" finished-at="2026-03-10T14:45:51 ICT" duration-ms="463" status="PASS">
          <reporter-output>
          </reporter-output>
        </test-method> <!-- testEmptyEmail -->
        <test-method is-config="true" signature="tearDown()[pri:0, instance:tests.TextBoxWhiteBoxTest@6b19b79]" started-at="2026-03-10T14:45:51 ICT" name="tearDown" finished-at="2026-03-10T14:45:51 ICT" duration-ms="150" status="PASS">
          <reporter-output>
          </reporter-output>
        </test-method> <!-- tearDown -->
        <test-method is-config="true" signature="setUp()[pri:0, instance:tests.TextBoxWhiteBoxTest@6b19b79]" started-at="2026-03-10T14:45:51 ICT" name="setUp" finished-at="2026-03-10T14:45:54 ICT" duration-ms="3016" status="PASS">
          <reporter-output>
          </reporter-output>
        </test-method> <!-- setUp -->
        <test-method signature="testEmptyName()[pri:0, instance:tests.TextBoxWhiteBoxTest@6b19b79]" started-at="2026-03-10T14:45:54 ICT" name="testEmptyName" description="2. Empty name" finished-at="2026-03-10T14:45:54 ICT" duration-ms="374" status="PASS">
          <reporter-output>
          </reporter-output>
        </test-method> <!-- testEmptyName -->
        <test-method is-config="true" signature="tearDown()[pri:0, instance:tests.TextBoxWhiteBoxTest@6b19b79]" started-at="2026-03-10T14:45:54 ICT" name="tearDown" finished-at="2026-03-10T14:45:54 ICT" duration-ms="124" status="PASS">
          <reporter-output>
          </reporter-output>
        </test-method> <!-- tearDown -->
        <test-method is-config="true" signature="setUp()[pri:0, instance:tests.TextBoxWhiteBoxTest@6b19b79]" started-at="2026-03-10T14:45:54 ICT" name="setUp" finished-at="2026-03-10T14:45:57 ICT" duration-ms="3005" status="PASS">
          <reporter-output>
          </reporter-output>
        </test-method> <!-- setUp -->
        <test-method signature="testInvalidEmail()[pri:0, instance:tests.TextBoxWhiteBoxTest@6b19b79]" started-at="2026-03-10T14:45:57 ICT" name="testInvalidEmail" description="3. Email sai định dạng" finished-at="2026-03-10T14:45:58 ICT" duration-ms="324" status="PASS">
          <reporter-output>
          </reporter-output>
        </test-method> <!-- testInvalidEmail -->
        <test-method is-config="true" signature="tearDown()[pri:0, instance:tests.TextBoxWhiteBoxTest@6b19b79]" started-at="2026-03-10T14:45:58 ICT" name="tearDown" finished-at="2026-03-10T14:45:58 ICT" duration-ms="133" status="PASS">
          <reporter-output>
          </reporter-output>
        </test-method> <!-- tearDown -->
        <test-method is-config="true" signature="setUp()[pri:0, instance:tests.TextBoxWhiteBoxTest@6b19b79]" started-at="2026-03-10T14:45:58 ICT" name="setUp" finished-at="2026-03-10T14:46:01 ICT" duration-ms="3057" status="PASS">
          <reporter-output>
          </reporter-output>
        </test-method> <!-- setUp -->
        <test-method signature="testNameWithSpaces()[pri:0, instance:tests.TextBoxWhiteBoxTest@6b19b79]" started-at="2026-03-10T14:46:01 ICT" name="testNameWithSpaces" description="4. Name chỉ có space" finished-at="2026-03-10T14:46:01 ICT" duration-ms="352" status="PASS">
          <reporter-output>
          </reporter-output>
        </test-method> <!-- testNameWithSpaces -->
        <test-method is-config="true" signature="tearDown()[pri:0, instance:tests.TextBoxWhiteBoxTest@6b19b79]" started-at="2026-03-10T14:46:01 ICT" name="tearDown" finished-at="2026-03-10T14:46:01 ICT" duration-ms="125" status="PASS">
          <reporter-output>
          </reporter-output>
        </test-method> <!-- tearDown -->
        <test-method is-config="true" signature="setUp()[pri:0, instance:tests.TextBoxWhiteBoxTest@6b19b79]" started-at="2026-03-10T14:46:01 ICT" name="setUp" finished-at="2026-03-10T14:46:05 ICT" duration-ms="3063" status="PASS">
          <reporter-output>
          </reporter-output>
        </test-method> <!-- setUp -->
        <test-method signature="testNameWithSpecialChars()[pri:0, instance:tests.TextBoxWhiteBoxTest@6b19b79]" started-at="2026-03-10T14:46:05 ICT" name="testNameWithSpecialChars" description="5. Name có ký tự đặc biệt" finished-at="2026-03-10T14:46:05 ICT" duration-ms="380" status="PASS">
          <reporter-output>
          </reporter-output>
        </test-method> <!-- testNameWithSpecialChars -->
        <test-method is-config="true" signature="tearDown()[pri:0, instance:tests.TextBoxWhiteBoxTest@6b19b79]" started-at="2026-03-10T14:46:05 ICT" name="tearDown" finished-at="2026-03-10T14:46:05 ICT" duration-ms="125" status="PASS">
          <reporter-output>
          </reporter-output>
        </test-method> <!-- tearDown -->
        <test-method is-config="true" signature="setUp()[pri:0, instance:tests.TextBoxWhiteBoxTest@6b19b79]" started-at="2026-03-10T14:46:05 ICT" name="setUp" finished-at="2026-03-10T14:46:08 ICT" duration-ms="3035" status="PASS">
          <reporter-output>
          </reporter-output>
        </test-method> <!-- setUp -->
        <test-method signature="testValidInput()[pri:0, instance:tests.TextBoxWhiteBoxTest@6b19b79]" started-at="2026-03-10T14:46:08 ICT" name="testValidInput" description="1. Valid input -&gt; output hiển thị" finished-at="2026-03-10T14:46:09 ICT" duration-ms="484" status="PASS">
          <reporter-output>
          </reporter-output>
        </test-method> <!-- testValidInput -->
        <test-method is-config="true" signature="tearDown()[pri:0, instance:tests.TextBoxWhiteBoxTest@6b19b79]" started-at="2026-03-10T14:46:09 ICT" name="tearDown" finished-at="2026-03-10T14:46:09 ICT" duration-ms="137" status="PASS">
          <reporter-output>
          </reporter-output>
        </test-method> <!-- tearDown -->
      </class> <!-- tests.TextBoxWhiteBoxTest -->
    </test> <!-- Surefire test -->
  </suite> <!-- Surefire suite -->
</testng-results>
