<?xml version="1.0" encoding="UTF-8"?>
<!-- Generated by org.testng.reporters.JUnitXMLReporter -->
<testsuite ignored="0" hostname="DESKTOP-LGTP02P" failures="0" tests="10" name="WhiteBox Order Processor Tests" time="0.451" errors="0" timestamp="2026-03-10T15:24:39 ICT">
  <testcase classname="bai6.OrderProcessorTest" name="testGoldMember" time="0.115"/>
  <testcase classname="bai6.OrderProcessorTest" name="testInvalidCoupon" time="0.005"/>
  <testcase classname="bai6.OrderProcessorTest" name="testP1_EmptyCart" time="0.003"/>
  <testcase classname="bai6.OrderProcessorTest" name="testP1_NullCart" time="0.002"/>
  <testcase classname="bai6.OrderProcessorTest" name="testP2_NormalNoCouponHighTotal" time="0.001"/>
  <testcase classname="bai6.OrderProcessorTest" name="testPlatinumMember" time="0.002"/>
  <testcase classname="bai6.OrderProcessorTest" name="testSale10Coupon" time="0.002"/>
  <testcase classname="bai6.OrderProcessorTest" name="testSale20Coupon" time="0.002"/>
  <testcase classname="bai6.OrderProcessorTest" name="testShippingCod" time="0.002"/>
  <testcase classname="bai6.OrderProcessorTest" name="testShippingOnline" time="0.002"/>
</testsuite> <!-- WhiteBox Order Processor Tests -->
