<?xml version="1.0" encoding="UTF-8"?>
<!-- Generated by org.testng.reporters.JUnitXMLReporter -->
<testsuite ignored="0" hostname="DESKTOP-LGTP02P" failures="0" tests="6" name="Surefire test" time="22.651" errors="0" timestamp="2026-03-10T14:46:09 ICT">
  <testcase classname="tests.TextBoxWhiteBoxTest" name="testEmptyEmail" time="0.463"/>
  <testcase classname="tests.TextBoxWhiteBoxTest" name="testEmptyName" time="0.374"/>
  <testcase classname="tests.TextBoxWhiteBoxTest" name="testInvalidEmail" time="0.324"/>
  <testcase classname="tests.TextBoxWhiteBoxTest" name="testNameWithSpaces" time="0.352"/>
  <testcase classname="tests.TextBoxWhiteBoxTest" name="testNameWithSpecialChars" time="0.38"/>
  <testcase classname="tests.TextBoxWhiteBoxTest" name="testValidInput" time="0.484"/>
</testsuite> <!-- Surefire test -->
