<?xml version="1.0" encoding="UTF-8"?>
<!-- Generated by org.testng.reporters.JUnitReportReporter -->
<testsuite hostname="DESKTOP-LGTP02P" failures="0" tests="6" name="tests.TextBoxWhiteBoxTest" time="22.616" errors="0" timestamp="2026-03-10T14:46:09 ICT" skipped="0">
  <testcase classname="tests.TextBoxWhiteBoxTest" name="testInvalidEmail" time="4.743"/>
  <testcase classname="tests.TextBoxWhiteBoxTest" name="testNameWithSpecialChars" time="3.522"/>
  <testcase classname="tests.TextBoxWhiteBoxTest" name="testValidInput" time="3.666"/>
  <testcase classname="tests.TextBoxWhiteBoxTest" name="testEmptyName" time="3.570"/>
  <testcase classname="tests.TextBoxWhiteBoxTest" name="testEmptyEmail" time="3.603"/>
  <testcase classname="tests.TextBoxWhiteBoxTest" name="testNameWithSpaces" time="3.512"/>
</testsuite> <!-- tests.TextBoxWhiteBoxTest -->
